1.17 0
1 0 0.0208726 0.00156595 0.000435667
1 1 2.83096 0.562382 0.322264
1 2 9.06586 1.12033 0.824557
1 3 13.2739 1.34218 1.09096
1 4 12.8219 0.929346 0.553198
1 5 15.126 0.946051 0.558268
1 6 18.4718 8.86873 6.7109
1 7 16.169 1.21021 0.90461
1 8 16.6877 1.22475 0.875381
1 9 14.1741 0.915919 0.53642
1 10 14.9255 1.04735 0.686021
1 11 12.8664 0.767581 0.339088
1 12 13.0355 0.903136 0.536123
1 13 11.7268 0.775087 0.368475
1 14 10.6922 0.826753 0.490478
1 15 9.61772 0.796709 0.479384
1 16 9.38985 0.902271 0.646581
1 17 8.18418 0.656605 0.283077
1 18 6.5834 0.595097 0.25323
1 19 6.305 0.641456 0.370771
1 20 5.2861 0.53297 0.201684
1 21 4.59024 0.495175 0.160909
1 22 4.40605 0.52395 0.276223
1 23 3.3698 0.418386 0.0299573
1 24 2.89875 0.397735 0.0273971
1 25 19.7141 1.65671 1.41673
2 0 0.00488133 0.000127069 2.38274e-05
2 1 0.721023 0.135685 0.123309
2 2 4.52561 2.68435 4.22759
2 3 3.51964 0.480516 0.193738
2 4 4.88624 0.516732 0.173608
2 5 6.93069 0.68895 0.415893
2 6 7.08161 0.682234 0.406848
2 7 9.54035 1.06207 0.899438
2 8 8.32595 0.653376 0.276945
2 9 8.822 0.714608 0.363417
2 10 7.8403 0.644165 0.276567
2 11 8.93058 0.8654 0.569254
2 12 7.00953 0.576386 0.181032
2 13 6.91632 0.591864 0.219755
2 14 5.86795 0.530095 0.158036
2 15 7.12354 0.842927 0.688174
2 16 6.16064 0.668875 0.442223
2 17 6.66938 0.784037 0.609103
2 18 5.27992 0.587939 0.354565
2 19 3.96897 0.452763 0.111509
2 20 3.43382 0.419347 0.0285499
2 21 4.57354 0.652817 0.583323
2 22 2.85877 0.391527 0.101177
2 23 2.95258 0.416925 0.225401
2 24 2.87243 0.416306 0.293514
2 25 19.3865 2.18501 2.05458
3 0 1.60848 1.06648 0.662901
3 1 7.87011 6.74202 5.99816
3 2 532.058 298.75 299.099
3 3 1502.31 853.781 855.5
3 4 2327.3 1354.61 1357.2
3 5 2725.66 1490.63 1493.21
3 6 2965.91 1821.25 1824.44
3 7 2752.09 1718.62 1721.77
3 8 2293.23 1407.91 1410.64
3 9 1817.4 1076.29 1078.44
3 10 1490.11 996.601 998.569
3 11 1143.85 789.867 791.33
3 12 776.141 496.044 496.814
3 13 520.924 302.225 302.575
3 14 377.248 242.256 242.257
3 15 285.468 215.215 214.897
3 16 171.426 98.1485 97.8098
3 17 113.783 77.2387 76.6253
3 18 83.3907 63.1234 62.5045
3 19 67.7761 56.926 55.5878
3 20 30.3593 10.1851 10.0031
3 21 27.6919 19.231 18.8452
3 22 16.6966 5.73484 5.55204
3 23 13.216 17.4925 16.3522
3 24 9.47357 3.19951 3.02532
3 25 53.6973 23.6703 23.457
4 0 8.29302 3.20344 2.94619
4 1 106.137 56.6315 56.2757
4 2 1489.57 879.518 881.29
4 3 3781.49 2273.59 2276.88
4 4 5712.26 3528.54 3531.32
4 5 6480.44 4098.83 4100.91
4 6 6353 4087.11 4089.71
4 7 5755.8 3764.16 3767.41
4 8 4791.35 2981.58 2985.06
4 9 3859.07 2434.46 2438.09
4 10 2926.02 1747.65 1750.72
4 11 2145.35 1257.17 1259.62
4 12 1564.92 963.846 965.835
4 13 1129.55 740.763 742.15
4 14 743.002 394.499 395.195
4 15 595.161 380.008 380.47
4 16 414.452 244.323 244.489
4 17 290.219 147.538 147.568
4 18 230.698 123.665 123.531
4 19 166.631 98.1464 97.83
4 20 128.872 72.1261 71.7594
4 21 114.36 66.7744 66.3271
4 22 91.3624 42.2018 41.9174
4 23 69.8417 33.0257 32.8066
4 24 53.31 25.8139 25.3982
4 25 300.865 156.895 156.929
5 0 628.752 214.84 215.25
5 1 478.377 152.275 152.542
5 2 308.822 102.586 102.696
5 3 182.877 58.1965 58.1902
5 4 100.754 35.6619 35.5342
5 5 57.9376 18.6593 18.5208
5 6 31.6327 10.2794 10.113
5 7 22.4518 7.32997 7.16245
5 8 19.6654 11.5901 11.0954
5 9 9.05592 3.15371 2.96761
5 10 42.0288 13.6162 13.4586
6 0 1124.2 387.965 388.733
6 1 836.783 295.761 296.351
6 2 563.77 183.91 184.253
6 3 317.161 113.189 113.298
6 4 166.621 53.272 53.2462
6 5 101.187 34.1977 34.1013
6 6 73.7905 26.3487 26.1905
6 7 42.7696 13.8705 13.7164
6 8 32.7872 10.8569 10.6899
6 9 24.3057 7.88518 7.71158
6 10 92.8381 30.2426 30.1356
7 0 1218.81 417.301 418.113
7 1 756.451 252.961 253.462
7 2 494.563 178.976 179.283
7 3 287.32 90.4098 90.4994
7 4 191.985 62.0631 62.0636
7 5 103.109 35.9543 35.8342
7 6 70.3368 22.9443 22.8192
7 7 35.5743 11.4043 11.244
7 8 24.8748 8.1986 8.02918
7 9 25.4003 8.57476 8.40098
7 10 99.9181 32.3112 32.2166
