1.08 0
1 0 0.00507173 2.37295e-05 2.57225e-05
1 1 0.298925 0.04146 0.00397336
1 2 1.27645 0.12091 0.0214821
1 3 1.5482 0.149934 0.01285
1 4 1.62332 0.163345 0.00552407
1 5 2.14884 0.179971 0.014513
1 6 2.4439 0.237566 0.0323462
1 7 2.0973 0.177261 0.0144929
1 8 2.37992 0.182693 0.0246993
1 9 1.98871 0.172068 0.0144532
1 10 2.14486 0.167421 0.029451
1 11 1.76064 0.165804 0.00923299
1 12 1.8382 0.16418 0.0142706
1 13 1.67529 0.150546 0.0174425
1 14 1.49899 0.144834 0.0126669
1 15 1.29095 0.131026 0.0118028
1 16 1.32922 0.119983 0.021864
1 17 1.10884 0.124988 0.00694562
1 18 0.908755 0.108241 0.00648996
1 19 0.825792 0.0994086 0.00686799
1 20 0.790607 0.0878411 0.0107213
1 21 0.612667 0.089562 0.00146108
1 22 0.716648 0.0700047 0.0155799
1 23 0.451719 0.0721267 0.000867649
1 24 0.397261 0.0650771 0.000805929
1 25 2.56744 0.189876 0.0250619
2 0 0.000217533 3.86799e-10 4.73205e-08
2 1 0.0627427 0.00974977 0.000303999
2 2 0.780179 0.0811196 0.233919
2 3 0.480872 0.0692056 0.00307229
2 4 0.665145 0.0941706 0.00193333
2 5 1.04335 0.103268 0.0161366
2 6 0.877099 0.114206 0.00217729
2 7 1.2486 0.119568 0.0170618
2 8 1.11584 0.125706 0.00681766
2 9 1.26915 0.129034 0.0121705
2 10 1.05663 0.120858 0.00682306
2 11 1.3605 0.121578 0.024778
2 12 0.944039 0.120078 0.00234899
2 13 1.03201 0.110524 0.0113611
2 14 0.767059 0.106192 0.00121443
2 15 0.901543 0.0971454 0.0116636
2 16 0.839416 0.0916091 0.0113385
2 17 0.963523 0.0879042 0.0208643
2 18 0.725622 0.0881341 0.00696819
2 19 0.556635 0.0727322 0.00547066
2 20 0.684025 0.0463544 0.0412318
2 21 0.560468 0.0692476 0.00673112
2 22 0.402223 0.0527537 0.00521804
2 23 0.401244 0.0509203 0.00571596
2 24 0.42628 0.0430466 0.0101377
2 25 2.60174 0.176915 0.048866
3 0 0.572834 0.0616919 0.0963836
3 1 1.32705 0.14575 0.157204
3 2 75.7623 7.8316 7.8025
3 3 221.256 24.6081 24.6072
3 4 338.888 37.703 37.6878
3 5 394.936 40.6707 40.5824
3 6 416.647 46.817 46.7317
3 7 387.936 44.7391 44.6723
3 8 322.718 38.7381 38.6949
3 9 255.377 30.4857 30.4946
3 10 203.665 25.4575 25.4682
3 11 154.938 20.0926 20.1164
3 12 104.34 12.223 12.2423
3 13 70.3801 7.00694 6.97977
3 14 47.339 5.84426 5.84507
3 15 37.3645 4.90565 4.88064
3 16 23.1861 2.96915 2.98674
3 17 15.694 2.01009 2.02302
3 18 10.0209 1.02373 0.988101
3 19 9.01235 1.89486 1.97672
3 20 4.42442 0.359612 0.283839
3 21 2.98827 0.26641 0.181348
3 22 2.22401 0.20103 0.159522
3 23 1.6662 0.178772 0.142915
3 24 1.09928 0.113821 0.0613753
3 25 6.84326 0.516039 0.430474
4 0 1.80254 0.188266 0.189747
4 1 17.2857 1.98871 1.99397
4 2 221.184 25.9562 25.9602
4 3 549.121 66.3172 66.0332
4 4 830.45 100.312 99.5151
4 5 928.645 111.866 110.886
4 6 914.484 115.066 114.063
4 7 815.851 99.3635 98.4716
4 8 691.619 83.135 82.7709
4 9 556.249 72.6583 72.4098
4 10 415.482 48.4516 48.3279
4 11 309.437 37.9356 37.9028
4 12 211.07 21.7942 21.7934
4 13 155.84 19.4774 19.4979
4 14 102.001 9.40099 9.38453
4 15 81.9123 9.20324 9.21525
4 16 56.0187 5.66464 5.65163
4 17 38.5862 3.38878 3.30992
4 18 31.529 3.2348 3.21923
4 19 22.7606 2.34226 2.32062
4 20 17.509 1.94953 1.93851
4 21 15.4888 1.9393 1.89179
4 22 13.0755 1.4357 1.42604
4 23 8.74985 0.644986 0.554107
4 24 7.54459 0.928723 0.942497
4 25 42.721 3.82465 3.75099
5 0 87.3647 5.71185 5.65283
5 1 66.1341 4.06621 3.98713
5 2 43.5476 2.99213 2.91766
5 3 25.7156 1.6562 1.56083
5 4 14.5291 1.18407 1.12324
5 5 8.28428 0.59798 0.505375
5 6 4.44731 0.354614 0.273158
5 7 2.92002 0.24786 0.171099
5 8 2.63951 0.24182 0.167631
5 9 1.0926 0.112952 0.0634176
5 10 6.02068 0.456251 0.368737
6 0 161.152 11.1924 11.1305
6 1 119.285 8.21502 8.17505
6 2 77.5643 5.16489 5.10913
6 3 45.0979 3.74188 3.69689
6 4 24.0633 1.58945 1.49901
6 5 13.4313 0.919975 0.826491
6 6 10.9347 0.807963 0.730662
6 7 6.06487 0.455099 0.365143
6 8 4.49025 0.353357 0.26783
6 9 3.48609 0.290567 0.215318
6 10 13.7408 1.00368 0.926764
7 0 206.722 17.712 17.7192
7 1 120.064 9.02145 9.0041
7 2 75.4421 5.71217 5.67945
7 3 49.3387 3.78664 3.7534
7 4 31.261 2.47874 2.4425
7 5 19.2433 1.80456 1.79456
7 6 11.9902 1.01996 0.995549
7 7 6.87392 0.616013 0.601609
7 8 4.57797 0.414065 0.403887
7 9 4.16821 0.373151 0.355947
7 10 18.4487 1.61625 1.60416
