0.93 0
1 0 0.0829769 0.656003 0.00688517
1 1 3.19185 2.57777 0.729048
1 2 16.3106 6.71789 4.90247
1 3 18.2564 4.75662 2.70843
1 4 20.3758 3.41965 1.10981
1 5 28.9666 5.66015 3.64492
1 6 31.5658 6.90926 5.00606
1 7 27.4507 5.49159 3.49945
1 8 32.7264 8.13703 6.3517
1 9 27.1837 5.69961 3.70742
1 10 29.6423 9.44014 7.77983
1 11 23.7833 4.49356 2.37065
1 12 25.19 5.61873 3.65783
1 13 23.0924 6.36209 4.6285
1 14 20.4859 5.09673 3.23877
1 15 17.2774 4.76727 3.00554
1 16 18.2458 7.07526 5.70026
1 17 14.9086 3.71285 1.76814
1 18 12.3291 3.51531 1.65835
1 19 10.9155 3.50018 1.6984
1 20 11.1202 4.33755 2.85874
1 21 8.1765 2.39582 0.316187
1 22 10.4242 5.29173 4.16351
1 23 6.04154 2.20213 0.22385
1 24 5.37105 2.14504 0.208162
1 25 33.8374 7.96205 6.16252
2 0 0 0.294916 0
2 1 0.60866 1.072 0.0157929
2 2 11.5395 71.8333 62.4594
2 3 6.26696 2.65 0.630605
2 4 8.82256 2.52484 0.418477
2 5 14.6155 5.64147 4.23141
2 6 11.2145 2.54563 0.376149
2 7 16.4769 5.72788 4.22931
2 8 14.914 3.67911 1.73551
2 9 17.5499 4.94802 3.17107
2 10 14.1698 3.66005 1.73777
2 11 19.2843 8.14368 6.55007
2 12 12.6556 2.75523 0.551058
2 13 14.5009 4.68816 3.02599
2 14 10.1289 2.38744 0.249449
2 15 11.7023 4.36544 2.85212
2 16 11.3173 4.39166 2.89737
2 17 13.35 6.53061 5.44411
2 18 9.25855 3.21887 1.5146
2 19 7.60857 3.04151 1.45397
2 20 6.61006 2.21264 0.205859
2 21 7.14559 3.10488 1.54356
2 22 5.50615 2.76454 1.38968
2 23 5.40277 2.83516 1.45926
2 24 5.97595 3.59763 2.64656
2 25 34.8167 13.6277 12.4051
3 0 1.98347 11.7984 3.93416
3 1 11.5036 22.6589 17.8458
3 2 868.844 1563.27 1556.73
3 3 1862.02 3332.78 3325.82
3 4 2165.51 3987.09 3979.55
3 5 2088.04 3509.89 3503.53
3 6 1913.25 3654.21 3646.33
3 7 1780.97 3838.77 3828.99
3 8 1390.03 2526.78 2519.88
3 9 1031.56 2013.43 2005.69
3 10 810.607 1622.32 1614.28
3 11 598.724 1218.36 1210.13
3 12 412.122 813.328 805.656
3 13 305.876 661.855 652.731
3 14 185.55 315.861 310.263
3 15 133.642 310.414 300.311
3 16 78.9381 201.155 189.614
3 17 80.2009 364.503 330.532
3 18 28.1464 38.8179 35.6154
3 19 32.0371 156.042 125.4
3 20 20.8356 26.9171 24.2155
3 21 17.2595 22.5513 19.894
3 22 9.10839 12.9684 10.374
3 23 1.13049 3.83401 1.278
3 24 5.65244 8.94604 6.39002
3 25 27.1317 33.2283 30.6721
4 0 16.5088 24.5886 21.2689
4 1 144.346 298.719 290.609
4 2 1887.32 3983.9 3974.43
4 3 2987.18 6415.18 6404.49
4 4 3849.74 7690 7679.56
4 5 3803.75 7126.8 7117.37
4 6 3424.32 6569.52 6560.21
4 7 2916.21 5493.88 5485.38
4 8 2389.97 4233.66 4226.45
4 9 1729.23 3160.45 3153.3
4 10 1325.45 2349.84 2343.3
4 11 1071.48 2171.63 2163.29
4 12 681.984 1003.31 998.944
4 13 507.155 1129.61 1119.81
4 14 384.761 540.543 536.627
4 15 266.895 403.244 398.768
4 16 195.029 243.363 240.32
4 17 134.136 166.066 163.105
4 18 111.924 192.73 187.136
4 19 81.3401 112.667 109.07
4 20 62.6943 75.2478 72.5675
4 21 40.8442 49.5264 46.8901
4 22 69.0391 233.95 214.621
4 23 39.6198 49.0986 46.3599
4 24 37.3567 180.873 149.039
4 25 170.835 223.089 219.774
5 0 0 2.55605 0
5 1 0 2.55605 0
5 2 123.017 340.968 326.846
5 3 1080 2683.26 2670.83
5 4 2315.93 5175.05 5164.2
5 5 3155.71 6383.54 6373.71
5 6 3604.47 7751.08 7739.67
5 7 3413.91 7318.06 7306.95
5 8 2954.68 7265.77 7252.26
5 9 2394.64 5667.56 5655.44
5 10 1917.72 4858.51 4845.13
5 11 1457.84 3883.67 3869.22
5 12 974.615 2299.46 2288.27
5 13 617.228 1059.67 1053.77
5 14 411.299 1157.89 1142.43
5 15 352.666 923.454 910.113
5 16 228.832 586.985 574.376
5 17 124.017 168.598 165.052
5 18 98.168 212.307 203.694
5 19 86.8825 431.64 391.11
5 20 39.6962 51.1533 48.2038
5 21 17.8863 22.4641 19.9708
5 22 16.5138 22.3639 19.5584
5 23 15.8585 20.4392 17.8931
5 24 7.91342 11.5021 8.94603
5 25 56.8715 66.5557 64.0206
6 0 2.43281 5.96296 2.97406
6 1 49.7508 91.7336 85.7865
6 2 1007.79 2239.16 2229.2
6 3 4314.94 9890.44 9876.83
6 4 7173.14 16736.1 16716.6
6 5 8487.44 20080.5 20057.2
6 6 8575.03 21256.5 21231.9
6 7 7770.76 18482.7 18461.3
6 8 6734.65 16001.3 15982.4
6 9 5590.94 14656.8 14637.9
6 10 4068.29 9323.93 9310.67
6 11 3032.49 7250.2 7237.26
6 12 2012.09 4181.01 4171.73
6 13 1507.68 3660.6 3648.51
6 14 942.067 1724.05 1717.25
6 15 786.338 1819.14 1808.46
6 16 514.286 1096.98 1087.99
6 17 348.676 599.498 593.68
6 18 290.569 588.993 580.982
6 19 219.182 476.465 467.363
6 20 161.423 422.892 409.986
6 21 163.412 443.654 429.813
6 22 105.634 149.25 145.456
6 23 69.6166 82.1906 79.5765
6 24 54.4354 69.1086 66.1542
6 25 356.309 578.881 573.675
7 0 1164.89 1392.9 1389.82
7 1 896.758 1022.76 1020.03
7 2 596.187 754.682 751.445
7 3 351.369 402.715 400.101
7 4 196.541 284.228 280.158
7 5 112.552 131.769 129.134
7 6 60.8593 72.7527 70.0986
7 7 38.4569 46.0062 43.4525
7 8 35.3247 42.9354 40.3285
7 9 13.8048 18.5979 15.9335
7 10 83.0999 97.3329 94.7325
8 0 2142.48 2661.36 2657.51
8 1 1600.37 2011.39 2007.81
8 2 997.787 1180.61 1177.66
8 3 569.824 830.889 826.625
8 4 328.751 377.113 374.499
8 5 174.479 203.096 200.451
8 6 144.007 167.772 165.138
8 7 81.0629 95.3306 92.7132
8 8 59.5585 70.4618 67.8644
8 9 48.143 58.0474 55.3987
8 10 182.091 219.688 216.845
9 0 2314.5 2883.64 2879.64
9 1 1523.44 1894.62 1891.14
9 2 878.096 1011.62 1008.85
9 3 606.565 693.858 691.199
9 4 359.584 424.469 421.696
9 5 214.453 295.905 292.184
9 6 127.53 150.14 147.463
9 7 70.7278 83.5113 80.8941
9 8 43.1502 51.6172 49.0342
9 9 40.761 50.3634 47.632
9 10 189.244 220.407 217.752
