0.03 0
1 0 0.02719 0.0634681 0.000377596
1 1 2.47988 0.852095 0.556194
1 2 6.00093 0.957228 0.61105
1 3 13.0821 1.99802 1.61087
1 4 16.6814 1.54038 1.21828
1 5 24.1737 7.19671 6.84141
1 6 26.2883 7.35045 7.01094
1 7 26.2716 1.82631 1.50442
1 8 26.0028 1.59811 1.2759
1 9 24.0303 1.10654 0.783771
1 10 25.2983 1.34802 1.02547
1 11 21.1396 0.861978 0.539235
1 12 21.0894 1.05192 0.729159
1 13 19.2847 1.02901 0.703518
1 14 17.7274 0.984052 0.661738
1 15 15.7594 0.862145 0.540522
1 16 14.4245 0.924905 0.603741
1 17 13.6079 0.771195 0.450782
1 18 11.2123 0.599226 0.281387
1 19 10.1648 0.708219 0.391097
1 20 9.53644 0.781279 0.464603
1 21 7.99713 0.580487 0.318159
1 22 6.9926 0.514761 0.220444
1 23 6.68105 0.612844 0.339794
1 24 5.37597 0.445335 0.178075
1 25 32.3451 2.07394 1.71153
2 0 0.00234927 0.0232557 5.51906e-06
2 1 0.81749 0.334308 0.117298
2 2 4.37502 2.53083 2.18197
2 3 4.92432 0.637937 0.333834
2 4 7.21541 0.510435 0.226916
2 5 10.2095 0.858754 0.540886
2 6 12.3363 1.08302 0.76266
2 7 14.8064 1.39069 1.06881
2 8 13.8083 0.771833 0.451305
2 9 14.2688 0.890075 0.569053
2 10 13.601 0.994579 0.673695
2 11 14.2413 0.988428 0.667251
2 12 13.0221 0.960731 0.640239
2 13 11.7772 0.704038 0.401318
2 14 10.899 0.725186 0.417168
2 15 10.99 1.015 0.69579
2 16 9.64787 0.926341 0.604842
2 17 9.8919 0.971561 0.653534
2 18 8.51712 0.773986 0.458851
2 19 7.43368 0.820753 0.631798
2 20 6.90317 0.588085 0.304549
2 21 7.27543 1.05278 0.711985
2 22 5.54914 0.582256 0.291471
2 23 4.65332 0.553253 0.252103
2 24 4.70926 0.702311 0.397781
2 25 31.7395 3.27736 2.91705
3 0 3.90184 1.83749 1.40702
3 1 17.4033 13.3729 13.1813
3 2 942.694 466.467 465.828
3 3 2636.71 1366.02 1364.31
3 4 3981.45 2075.87 2072.66
3 5 4653.89 2297.07 2292.95
3 6 4937.7 2612.17 2607.52
3 7 4582.76 2517.73 2513.61
3 8 3908.48 2183.46 2180.27
3 9 3143.22 1799.45 1797.14
3 10 2435.79 1394.15 1392.5
3 11 1890.2 1132.13 1130.82
3 12 1324.93 808.758 807.719
3 13 898.073 475.597 474.902
3 14 656.849 364.349 364.833
3 15 472.019 329.685 330.241
3 16 283.56 148.863 148.302
3 17 183.247 79.5412 79.059
3 18 150.249 119.52 119.341
3 19 104.86 58.5203 58.2816
3 20 60.2631 35.9489 35.4784
3 21 42.5633 23.7684 23.6803
3 22 29.1506 9.12188 8.7606
3 23 25.001 21.3205 21.2273
3 24 16.6845 5.15794 4.83332
3 25 88.8299 35.452 35.3844
4 0 19.6578 7.02421 6.26016
4 1 205.121 102.568 102.066
4 2 2612.91 1346.44 1344.76
4 3 6456.62 3432.57 3425.01
4 4 9782.66 5451.26 5434.59
4 5 11159.8 6363.12 6341.6
4 6 10949.8 6284.7 6263.95
4 7 9890.98 5688.39 5671.33
4 8 8230.55 4550.9 4538.94
4 9 6555.01 3574.62 3566.82
4 10 5062.67 2800.51 2795.6
4 11 3636.44 1886.21 1883.46
4 12 2663.84 1474.34 1472.54
4 13 1921.59 1103.77 1102.49
4 14 1311.48 645.742 644.968
4 15 1003.54 531.211 530.482
4 16 713.464 394.493 393.797
4 17 523.635 263.244 262.694
4 18 396.032 182.316 181.867
4 19 302.816 152.717 152.196
4 20 234.343 113.479 113.005
4 21 192.779 94.929 94.4425
4 22 153.459 63.0616 62.7154
4 23 124.829 57.6588 57.69
4 24 98.5329 40.6438 40.6856
4 25 514.446 209.847 209.47
5 0 1052.34 316.544 317.145
5 1 803.87 230.563 231.015
5 2 520.06 155.281 155.455
5 3 297.952 85.314 85.211
5 4 170.995 51.5469 51.5954
5 5 98.5658 28.3635 28.1099
5 6 52.6348 15.0798 14.7994
5 7 37.8792 12.7052 12.4122
5 8 26.3277 12.5861 12.2424
5 9 14.2213 4.54903 4.22638
5 10 75.7295 21.9188 21.5856
6 0 1918.08 605.492 604.675
6 1 1423.72 451.934 451.391
6 2 933.522 274.176 274.746
6 3 536.541 165.371 165.685
6 4 297.884 86.4355 86.5947
6 5 169.168 56.5765 56.4144
6 6 111.638 34.9596 34.8959
6 7 63.5054 18.724 18.4155
6 8 52.431 15.8067 15.5001
6 9 43.4165 16.128 15.8181
6 10 165.686 48.2845 48.4005
7 0 2486.03 824.375 823.118
7 1 1434.92 444.966 444.427
7 2 938.716 311.133 310.765
7 3 571.915 178.237 177.987
7 4 387.935 131.518 131.264
7 5 222.427 74.7285 74.4956
7 6 140.653 45.1307 44.9232
7 7 82.4322 29.0798 28.9638
7 8 53.2856 17.4851 17.3825
7 9 49.929 16.4042 16.2418
7 10 229.949 78.8827 78.6396
