0.63 0
1 0 0.02719 0.0634681 0.000377596
1 1 4.18546 0.913231 0.615951
1 2 11.3362 1.10814 0.752213
1 3 17.9758 2.07812 1.68986
1 4 20.3203 1.5857 1.26335
1 5 26.7426 7.22355 6.86966
1 6 27.7853 7.36666 7.02793
1 7 27.006 1.83455 1.51276
1 8 26.2846 1.60121 1.27903
1 9 24.1118 1.10733 0.784567
1 10 25.3366 1.34848 1.02593
1 11 21.1565 0.862094 0.539352
1 12 21.1026 1.05204 0.729273
1 13 19.2886 1.02904 0.703551
1 14 17.7294 0.984066 0.66175
1 15 15.7612 0.862153 0.540533
1 16 14.4276 0.92493 0.603767
1 17 13.6079 0.771195 0.450782
1 18 11.2132 0.599231 0.281392
1 19 10.1648 0.708219 0.391097
1 20 9.53829 0.781361 0.464681
1 21 7.99713 0.580487 0.318159
1 22 6.99335 0.51477 0.22045
1 23 6.68105 0.612844 0.339794
1 24 5.37597 0.445335 0.178075
1 25 32.3454 2.07394 1.71153
2 0 0.00234927 0.0232557 5.51906e-06
2 1 0.933741 0.33694 0.119028
2 2 4.9737 2.533 2.19257
2 3 5.68392 0.656047 0.348814
2 4 7.8947 0.519997 0.234947
2 5 10.674 0.864553 0.546183
2 6 12.5971 1.08566 0.765135
2 7 14.9321 1.39197 1.07007
2 8 13.8573 0.772375 0.451808
2 9 14.2851 0.890266 0.569236
2 10 13.6083 0.994653 0.673762
2 11 14.2472 0.988484 0.667303
2 12 13.0245 0.960751 0.640255
2 13 11.7777 0.704039 0.401322
2 14 10.8999 0.725194 0.417175
2 15 10.9913 1.01501 0.695798
2 16 9.64787 0.926341 0.604842
2 17 9.8919 0.971561 0.653534
2 18 8.51748 0.77399 0.458854
2 19 7.43368 0.820753 0.631798
2 20 6.90317 0.588085 0.304549
2 21 7.27543 1.05278 0.711985
2 22 5.54914 0.582256 0.291471
2 23 4.65332 0.553253 0.252103
2 24 4.70926 0.702311 0.397781
2 25 31.7395 3.27736 2.91705
3 0 3.90184 1.83749 1.40702
3 1 17.4033 13.3729 13.1813
3 2 942.694 466.467 465.828
3 3 2636.71 1366.02 1364.31
3 4 3981.45 2075.87 2072.66
3 5 4653.89 2297.07 2292.95
3 6 4937.7 2612.17 2607.52
3 7 4582.76 2517.73 2513.61
3 8 3908.48 2183.46 2180.27
3 9 3143.22 1799.45 1797.14
3 10 2435.79 1394.15 1392.5
3 11 1890.2 1132.13 1130.82
3 12 1324.93 808.758 807.719
3 13 898.073 475.597 474.902
3 14 656.849 364.349 364.833
3 15 472.019 329.685 330.241
3 16 283.56 148.863 148.302
3 17 183.247 79.5412 79.059
3 18 150.249 119.52 119.341
3 19 104.86 58.5203 58.2816
3 20 60.2631 35.9489 35.4784
3 21 42.5633 23.7684 23.6803
3 22 29.1506 9.12188 8.7606
3 23 25.001 21.3205 21.2273
3 24 16.6845 5.15794 4.83332
3 25 88.8299 35.452 35.3844
4 0 19.6578 7.02421 6.26016
4 1 205.121 102.568 102.066
4 2 2612.91 1346.44 1344.76
4 3 6456.62 3432.57 3425.01
4 4 9782.66 5451.26 5434.59
4 5 11159.8 6363.12 6341.6
4 6 10949.8 6284.7 6263.95
4 7 9890.98 5688.39 5671.33
4 8 8230.55 4550.9 4538.94
4 9 6555.01 3574.62 3566.82
4 10 5062.67 2800.51 2795.6
4 11 3636.44 1886.21 1883.46
4 12 2663.84 1474.34 1472.54
4 13 1921.59 1103.77 1102.49
4 14 1311.48 645.742 644.968
4 15 1003.54 531.211 530.482
4 16 713.464 394.493 393.797
4 17 523.635 263.244 262.694
4 18 396.032 182.316 181.867
4 19 302.816 152.717 152.196
4 20 234.343 113.479 113.005
4 21 192.779 94.929 94.4425
4 22 153.459 63.0616 62.7154
4 23 124.829 57.6588 57.69
4 24 98.5329 40.6438 40.6856
4 25 514.446 209.847 209.47
5 0 1052.34 316.544 317.145
5 1 803.87 230.563 231.015
5 2 520.06 155.281 155.455
5 3 297.952 85.314 85.211
5 4 170.995 51.5469 51.5954
5 5 98.5658 28.3635 28.1099
5 6 52.6348 15.0798 14.7994
5 7 37.8792 12.7052 12.4122
5 8 26.3277 12.5861 12.2424
5 9 14.2213 4.54903 4.22638
5 10 75.7295 21.9188 21.5856
6 0 1918.08 605.492 604.675
6 1 1423.72 451.934 451.391
6 2 933.522 274.176 274.746
6 3 536.541 165.371 165.685
6 4 297.884 86.4355 86.5947
6 5 169.168 56.5765 56.4144
6 6 111.638 34.9596 34.8959
6 7 63.5054 18.724 18.4155
6 8 52.431 15.8067 15.5001
6 9 43.4165 16.128 15.8181
6 10 165.686 48.2845 48.4005
7 0 2486.03 824.375 823.118
7 1 1434.92 444.966 444.427
7 2 938.716 311.133 310.765
7 3 571.915 178.237 177.987
7 4 387.935 131.518 131.264
7 5 222.427 74.7285 74.4956
7 6 140.653 45.1307 44.9232
7 7 82.4322 29.0798 28.9638
7 8 53.2856 17.4851 17.3825
7 9 49.929 16.4042 16.2418
7 10 229.949 78.8827 78.6396
