2.97 0
1 0 0.00507173 2.37295e-05 2.57225e-05
1 1 0.697493 0.0737528 0.0233386
1 2 2.6705 0.212377 0.076586
1 3 2.81649 0.230137 0.034684
1 4 2.54612 0.226614 0.0143674
1 5 2.86006 0.234573 0.019054
1 6 2.87708 0.289584 0.035152
1 7 2.28268 0.208614 0.0155363
1 8 2.4573 0.209816 0.0251933
1 9 2.00194 0.193637 0.0145137
1 10 2.15108 0.188566 0.0294736
1 11 1.76493 0.185305 0.00924825
1 12 1.83936 0.183702 0.0142733
1 13 1.6774 0.168237 0.0174527
1 14 1.49907 0.161096 0.0126669
1 15 1.29124 0.14517 0.011803
1 16 1.33058 0.133483 0.0218721
1 17 1.10884 0.137619 0.00694562
1 18 0.908833 0.118546 0.00649002
1 19 0.825792 0.108628 0.00686799
1 20 0.790607 0.096138 0.0107213
1 21 0.612667 0.0967593 0.00146108
1 22 0.716648 0.0767003 0.0155799
1 23 0.451719 0.0773154 0.000867649
1 24 0.397261 0.0695613 0.000805929
1 25 2.56744 0.214414 0.0250619
2 0 0.000217533 3.86818e-10 4.73205e-08
2 1 0.0749568 0.0128557 0.000364513
2 2 0.878166 0.0745445 0.234761
2 3 0.737733 0.0893907 0.0126507
2 4 0.835709 0.118258 0.00338742
2 5 1.16982 0.126055 0.0167866
2 6 0.933369 0.129946 0.0023781
2 7 1.27936 0.135307 0.0171745
2 8 1.12715 0.139416 0.00685515
2 9 1.27225 0.143142 0.0121785
2 10 1.05696 0.132925 0.00682333
2 11 1.36065 0.135199 0.0247781
2 12 0.944223 0.131324 0.0023491
2 13 1.03234 0.121759 0.0113621
2 14 0.767059 0.115381 0.00121443
2 15 0.901543 0.10669 0.0116636
2 16 0.839416 0.10043 0.0113385
2 17 0.963959 0.0971105 0.020865
2 18 0.727263 0.0959962 0.00706347
2 19 0.556635 0.0786858 0.00547066
2 20 0.731409 0.0438495 0.0625329
2 21 0.560468 0.0750369 0.00673112
2 22 0.402223 0.0567039 0.00521804
2 23 0.401244 0.0547749 0.00571596
2 24 0.42628 0.0466002 0.0101377
2 25 2.60212 0.199478 0.0488673
3 0 0.17068 0.0254018 0.0155198
3 1 1.42182 0.169173 0.199806
3 2 75.777 7.90433 7.8488
3 3 221.667 24.8517 24.8459
3 4 339.031 38.0276 38.0145
3 5 395.091 40.9844 40.9097
3 6 416.812 47.054 46.9738
3 7 387.198 44.6963 44.6441
3 8 322.841 38.8569 38.8242
3 9 255.224 30.5417 30.5412
3 10 203.788 25.52 25.5319
3 11 154.768 20.0802 20.0972
3 12 104.191 12.22 12.2235
3 13 70.5255 7.09786 7.04386
3 14 47.3489 5.86858 5.84564
3 15 37.3694 4.93386 4.88093
3 16 23.1861 2.98814 2.98674
3 17 15.7904 2.06657 2.06572
3 18 10.0209 1.05161 0.988101
3 19 9.01563 1.88874 1.97691
3 20 4.42442 0.387091 0.283839
3 21 2.98827 0.29159 0.181348
3 22 2.27139 0.22282 0.180823
3 23 1.71523 0.196775 0.164312
3 24 1.09928 0.126854 0.0613753
3 25 6.64547 0.523354 0.390233
4 0 1.80582 0.201095 0.189938
4 1 16.7964 1.98645 1.98122
4 2 221.37 26.309 26.3129
4 3 548.963 66.7047 66.4583
4 4 830.063 101.01 100.282
4 5 928.947 112.815 111.912
4 6 914.895 116.263 115.338
4 7 816.731 100.475 99.6522
4 8 691.818 83.9822 83.6588
4 9 555.373 73.1324 72.9164
4 10 415.996 49.1128 49.0112
4 11 310.137 38.4026 38.38
4 12 209.918 21.7381 21.7291
4 13 155.641 19.5992 19.6142
4 14 102.155 9.53297 9.49454
4 15 81.9612 9.33186 9.32752
4 16 55.9173 5.73519 5.69952
4 17 38.0467 3.33348 3.21088
4 18 31.7283 3.34012 3.30501
4 19 22.8129 2.38847 2.3422
4 20 17.326 1.9392 1.89912
4 21 15.4888 1.97249 1.89179
4 22 13.1278 1.47701 1.44763
4 23 8.74985 0.680116 0.554107
4 24 7.63936 0.978839 0.985099
4 25 43.0118 4.01831 3.92461
5 0 87.1162 5.73161 5.63653
5 1 66.1373 4.10604 3.98732
5 2 43.5492 3.03056 2.91775
5 3 25.7172 1.69675 1.56092
5 4 14.5782 1.2335 1.14464
5 5 8.2892 0.632849 0.505661
5 6 4.44731 0.382885 0.273158
5 7 2.92002 0.27182 0.171099
5 8 2.63951 0.264603 0.167631
5 9 1.0926 0.125691 0.0634176
5 10 6.02068 0.487754 0.368737
6 0 161.292 11.3963 11.3054
6 1 119.415 8.35306 8.28455
6 2 77.6193 5.3243 5.24114
6 3 45.0515 3.85442 3.78593
6 4 24.1123 1.64657 1.52041
6 5 13.4329 0.957961 0.826586
6 6 11.0327 0.871067 0.773454
6 7 6.07144 0.487459 0.365524
6 8 4.49353 0.382466 0.26802
6 9 3.48609 0.315919 0.215318
6 10 13.8422 1.07049 0.969748
7 0 206.456 19.001 19.0167
7 1 118.586 9.03083 8.99301
7 2 75.4686 6.0795 6.03787
7 3 49.2456 4.02018 3.97773
7 4 31.1885 2.64536 2.60235
7 5 19.4544 2.01085 2.01152
7 6 11.7465 1.05698 1.02498
7 7 6.84154 0.672559 0.666247
7 8 4.55463 0.449279 0.448816
7 9 4.36923 0.437841 0.441818
7 10 18.5507 1.80282 1.80375
