2.49 0
1 0 0.0568624 0.566223 0.00323333
1 1 10.2591 6.77553 4.49784
1 2 33.6096 13.6252 11.4728
1 3 32.4644 7.41334 5.186
1 4 32.8387 4.48913 2.10425
1 5 36.194 6.01367 3.91865
1 6 35.9059 6.90648 4.9479
1 7 30.5739 5.39513 3.36452
1 8 32.7532 7.76676 5.98842
1 9 27.2075 5.26746 3.28295
1 10 29.1344 9.04673 7.41095
1 11 24.3118 4.13996 2.01688
1 12 23.948 5.14185 3.21248
1 13 23.3592 6.17139 4.43721
1 14 20.0007 4.85159 3.01263
1 15 17.3355 4.63449 2.87628
1 16 18.21 6.86778 5.5063
1 17 14.1709 3.52933 1.61243
1 18 12.3323 3.36666 1.51718
1 19 11.3902 3.39892 1.58364
1 20 10.7969 4.18975 2.74242
1 21 8.00885 2.30878 0.239298
1 22 9.91965 5.07673 4.01424
1 23 5.93347 2.10277 0.137498
1 24 5.48313 2.08428 0.145839
1 25 33.6192 7.58197 5.79303
2 0 0 0.265528 0
2 1 0.596346 1.05931 0.0134119
2 2 12.9457 76.6775 62.6955
2 3 9.24424 3.52459 1.36865
2 4 10.4805 2.64379 0.488136
2 5 15.4495 5.63949 4.19054
2 6 12.4162 2.55326 0.358777
2 7 16.6075 5.62208 4.12395
2 8 15.499 3.60114 1.6453
2 9 16.8344 4.68475 2.94021
2 10 14.52 3.56048 1.63231
2 11 18.9693 7.94364 6.37725
2 12 12.688 2.54479 0.345397
2 13 13.9071 4.49135 2.86425
2 14 10.4092 2.34925 0.205491
2 15 11.9253 4.30492 2.78417
2 16 11.3228 4.28687 2.8006
2 17 13.1176 6.39546 5.33749
2 18 8.64862 3.07606 1.418
2 19 7.44288 2.9553 1.38847
2 20 6.1153 2.10037 0.12566
2 21 6.61596 2.9303 1.43049
2 22 5.48234 2.74035 1.37179
2 23 5.78149 2.84868 1.4338
2 24 5.81684 3.53332 2.61545
2 25 34.1175 13.2854 12.0928
3 0 1.98347 11.7984 3.93416
3 1 11.5036 22.6589 17.8458
3 2 991.861 1890.95 1883.57
3 3 2942.01 6006.41 5996.64
3 4 4481.44 9155.45 9143.75
3 5 5243.75 9888.95 9877.24
3 6 5517.72 11399.6 11386
3 7 5194.88 11149.7 11135.9
3 8 4344.71 9785.43 9772.14
3 9 3426.2 7673.1 7661.13
3 10 2728.32 6471.87 6459.41
3 11 2056.56 5092.26 5079.35
3 12 1386.74 3104.21 3093.93
3 13 923.104 1713.48 1706.5
3 14 596.849 1464.61 1452.7
3 15 486.308 1222.85 1210.42
3 16 307.77 776.33 763.99
3 17 204.217 507.37 495.584
3 18 126.314 246.491 239.309
3 19 118.92 554.242 516.51
3 20 60.5318 75.2827 72.4193
3 21 35.1458 42.4381 39.8648
3 22 25.6222 32.662 29.9324
3 23 16.9889 21.7179 19.1711
3 24 13.5659 17.8921 15.3361
3 25 84.0032 97.2354 94.6927
4 0 18.9416 27.5192 24.243
4 1 194.097 383.923 376.395
4 2 2895.11 6214.23 6203.64
4 3 7302.11 16300.2 16281.3
4 4 11022.9 24426.4 24396.2
4 5 12291.2 27209.6 27174.5
4 6 11999.4 27826.9 27792.1
4 7 10687 23975.8 23946.6
4 8 9124.62 20232.6 20208.8
4 9 7320.17 17812 17791.2
4 10 5393.73 11668.2 11654
4 11 4103.96 9413.87 9400.55
4 12 2694.07 5179.26 5170.67
4 13 2014.83 4780.2 4768.32
4 14 1326.83 2259.95 2253.88
4 15 1053.23 2216.2 2207.23
4 16 709.316 1335.41 1328.31
4 17 482.811 761.738 756.785
4 18 402.493 775.431 768.119
4 19 300.522 583.807 576.434
4 20 224.118 491.834 482.554
4 21 204.256 487.604 476.703
4 22 174.673 368.582 360.077
4 23 109.236 128.597 125.936
4 24 91.7921 226.186 215.193
4 25 527.144 798.028 793.449
5 0 1164.89 1392.9 1389.82
5 1 896.758 1022.76 1020.03
5 2 596.187 754.682 751.445
5 3 351.369 402.715 400.101
5 4 196.541 284.228 280.158
5 5 112.552 131.769 129.134
5 6 60.8593 72.7527 70.0986
5 7 38.4569 46.0062 43.4525
5 8 35.3247 42.9354 40.3285
5 9 13.8048 18.5979 15.9335
5 10 83.0999 97.3329 94.7325
6 0 2142.48 2661.36 2657.51
6 1 1600.37 2011.39 2007.81
6 2 997.787 1180.61 1177.66
6 3 569.824 830.889 826.625
6 4 328.751 377.113 374.499
6 5 174.479 203.096 200.451
6 6 144.007 167.772 165.138
6 7 81.0629 95.3306 92.7132
6 8 59.5585 70.4618 67.8644
6 9 48.143 58.0474 55.3987
6 10 182.091 219.688 216.845
7 0 2314.5 2883.64 2879.64
7 1 1523.44 1894.62 1891.14
7 2 878.096 1011.62 1008.85
7 3 606.565 693.858 691.199
7 4 359.584 424.469 421.696
7 5 214.453 295.905 292.184
7 6 127.53 150.14 147.463
7 7 70.7278 83.5113 80.8941
7 8 43.1502 51.6172 49.0342
7 9 40.761 50.3634 47.632
7 10 189.244 220.407 217.752
