2.4 0
1 0 0.00456944 1.909e-05 9.16118e-06
1 1 0.739724 0.0426952 0.00323412
1 2 2.74121 0.12702 0.0191082
1 3 2.70655 0.128934 0.014034
1 4 2.63722 0.135235 0.00806596
1 5 2.70634 0.125532 0.0152752
1 6 2.61937 0.119093 0.0195547
1 7 2.18529 0.107587 0.0126452
1 8 2.21764 0.0929478 0.021974
1 9 1.93927 0.0882008 0.0163588
1 10 1.9824 0.0725172 0.0278495
1 11 1.58959 0.0914089 0.0062998
1 12 1.5719 0.0786866 0.011244
1 13 1.52344 0.0662134 0.0158809
1 14 1.34203 0.0653921 0.0110368
1 15 1.2129 0.0575192 0.0109211
1 16 1.20505 0.0382128 0.0206914
1 17 0.941937 0.0527288 0.00572123
1 18 0.85329 0.0467167 0.00565107
1 19 0.677148 0.0486872 0.000721885
1 20 0.654231 0.0332069 0.0053933
1 21 0.522818 0.0377398 0.00050736
1 22 0.645826 0.013518 0.0151566
1 23 0.410731 0.0297669 0.000314448
1 24 0.35625 0.0253977 0.000272851
1 25 2.32587 0.0977333 0.022116
2 0 0.000151438 2.35904e-09 2.29334e-08
2 1 0.144561 0.00533783 0.000391431
2 2 1.13297 0.205102 0.387123
2 3 0.63868 0.0400941 0.00175201
2 4 0.797453 0.0518884 0.00183431
2 5 1.09167 0.0382778 0.0160636
2 6 0.900858 0.0622564 0.00121346
2 7 1.13898 0.0510485 0.0113078
2 8 1.07296 0.0607493 0.00590751
2 9 1.14405 0.0532429 0.0108095
2 10 0.997671 0.0560635 0.0057904
2 11 1.27573 0.0361584 0.0279614
2 12 0.87012 0.0624943 0.000797973
2 13 0.913198 0.0388404 0.0104927
2 14 0.75455 0.0546618 0.000696642
2 15 0.850386 0.033192 0.0108443
2 16 0.772062 0.02869 0.0105707
2 17 0.88246 0.0202305 0.0204316
2 18 0.639646 0.0295398 0.00595623
2 19 0.52777 0.0240382 0.00529159
2 20 0.632325 0.00835106 0.0408648
2 21 0.47199 0.0179489 0.0056517
2 22 0.375836 0.0131252 0.00517018
2 23 0.375397 0.012525 0.00527781
2 24 0.412768 0.00700127 0.0101878
2 25 2.34193 0.069437 0.0467763
3 0 0.554644 0.064045 0.088332
3 1 1.30331 0.0953417 0.129241
3 2 86.8029 7.55552 7.52391
3 3 241.156 29.4329 28.8749
3 4 355.464 41.7046 40.786
3 5 405.193 40.8826 39.7463
3 6 408.516 36.8345 36.1536
3 7 374.637 32.297 31.6071
3 8 306.547 24.2851 23.9188
3 9 240.454 18.2843 18.1065
3 10 186.434 13.809 13.6756
3 11 142.719 10.3417 10.2496
3 12 96.6554 6.8899 6.8499
3 13 67.7585 4.82355 4.78757
3 14 42.6263 2.94992 2.91653
3 15 32.2358 2.24883 2.19662
3 16 20.0149 1.35747 1.33571
3 17 13.7477 0.991965 0.9797
3 18 8.72009 0.577812 0.559658
3 19 6.5194 0.443444 0.430475
3 20 4.20298 0.283839 0.271998
3 21 2.95511 0.190172 0.182663
3 22 2.13833 0.153263 0.161403
3 23 1.48562 0.104768 0.117002
3 24 0.899882 0.0473335 0.0514391
3 25 6.59118 0.440964 0.431386
4 0 2.58211 0.471238 0.55933
4 1 18.1029 1.95628 1.92254
4 2 230.442 20.8025 20.4767
4 3 544.2 49.3879 47.555
4 4 797.816 73.8925 70.8645
4 5 877.865 77.0276 73.6808
4 6 852.5 71.3383 69.1248
4 7 753.492 60.2965 58.9496
4 8 638.55 50.8219 49.4727
4 9 508.641 39.7605 39.157
4 10 384.683 29.4658 29.146
4 11 284.443 21.1074 20.9157
4 12 195.862 14.2597 14.1567
4 13 140.131 10.196 10.1218
4 14 96.3317 6.92716 6.88166
4 15 73.9095 5.32568 5.29521
4 16 50.4534 3.63107 3.60919
4 17 36.797 2.66872 2.63917
4 18 28.1907 2.02272 2.00564
4 19 20.7861 1.42947 1.40829
4 20 16.0344 1.07921 1.06018
4 21 13.7774 0.955635 0.919576
4 22 11.7045 0.805254 0.788754
4 23 8.16575 0.558449 0.544755
4 24 6.52451 0.482953 0.48412
4 25 39.607 2.93767 2.91448
5 0 83.0202 5.59483 5.56449
5 1 63.0577 4.03178 3.99968
5 2 40.7885 2.64482 2.61671
5 3 24.2892 1.5701 1.54286
5 4 13.5627 0.918514 0.899433
5 5 7.71261 0.51595 0.496964
5 6 4.2017 0.283355 0.271229
5 7 2.85375 0.184996 0.176862
5 8 2.48489 0.166461 0.159594
5 9 1.03632 0.0610436 0.0645787
5 10 5.63425 0.375065 0.358693
6 0 153.382 10.5043 10.4453
6 1 111.913 7.45612 7.42202
6 2 73.5512 4.99782 4.97527
6 3 42.1719 3.01927 3.0022
6 4 23.4716 1.56026 1.53602
6 5 12.8809 0.861359 0.841842
6 6 10.6208 0.757785 0.74608
6 7 5.83793 0.389088 0.372783
6 8 4.36307 0.289541 0.276521
6 9 3.3998 0.232476 0.222391
6 10 13.264 0.935088 0.92065
7 0 197.129 17.1779 16.9401
7 1 115.081 10.3473 10.2213
7 2 72.1511 5.66226 5.64584
7 3 47.9404 3.80941 3.78916
7 4 30.0169 2.42745 2.43228
7 5 18.1671 1.59329 1.59348
7 6 11.2709 0.972862 0.977935
7 7 6.61825 0.605108 0.604716
7 8 4.27306 0.386937 0.396052
7 9 3.97252 0.355212 0.362909
7 10 17.7745 1.61734 1.61431
