2.16 0
1 0 0.00347555 1.07269e-05 1.20795e-05
1 1 0.679462 0.0755913 0.0139122
1 2 2.131 0.169949 0.0370023
1 3 2.29552 0.187037 0.0187341
1 4 2.27338 0.193344 0.00775873
1 5 2.5011 0.195214 0.014808
1 6 2.65871 0.249812 0.0317382
1 7 2.26985 0.185622 0.0138223
1 8 2.37485 0.182981 0.0232714
1 9 1.99045 0.17317 0.0128611
1 10 2.11359 0.166241 0.0280699
1 11 1.79209 0.168584 0.00790675
1 12 1.76254 0.161147 0.0126066
1 13 1.69124 0.152037 0.0167262
1 14 1.46937 0.143631 0.011822
1 15 1.29466 0.131804 0.01132
1 16 1.32676 0.120335 0.0211382
1 17 1.06375 0.122127 0.00636389
1 18 0.908989 0.109141 0.00596262
1 19 0.85481 0.103001 0.00643926
1 20 0.770841 0.0864285 0.0102868
1 21 0.60242 0.0891428 0.00117383
1 22 0.685807 0.0671303 0.0150223
1 23 0.445113 0.0723009 0.000545047
1 24 0.404112 0.0668011 0.000573094
1 25 2.55411 0.189677 0.0236815
2 0 0.000217533 3.86693e-10 4.73205e-08
2 1 0.0628808 0.00998122 0.000295763
2 2 0.861745 0.0750504 0.234611
2 3 0.623586 0.0838817 0.0044189
2 4 0.742632 0.102329 0.00191587
2 5 1.07959 0.106902 0.0158797
2 6 0.946265 0.120459 0.00207754
2 7 1.25334 0.120326 0.0166468
2 8 1.15059 0.128903 0.00647646
2 9 1.22558 0.126635 0.0113073
2 10 1.07822 0.123198 0.00642919
2 11 1.34133 0.120491 0.0241324
2 12 0.946095 0.12163 0.0015807
2 13 0.995649 0.108061 0.0107567
2 14 0.784139 0.108165 0.00105009
2 15 0.915175 0.098824 0.0114097
2 16 0.839751 0.0921756 0.010977
2 17 0.949569 0.0868433 0.0204663
2 18 0.688342 0.0846778 0.00660731
2 19 0.546507 0.0720596 0.00522597
2 20 0.653784 0.0434025 0.0409322
2 21 0.528096 0.0660249 0.00630871
2 22 0.400767 0.0527277 0.00515119
2 23 0.424392 0.0544936 0.00562084
2 24 0.416555 0.0418567 0.0100214
2 25 2.55893 0.174821 0.0476992
3 0 0.572834 0.0616873 0.0963836
3 1 1.32705 0.14573 0.157204
3 2 75.7619 7.83126 7.8023
3 3 221.255 24.6074 24.6064
3 4 338.886 37.7023 37.6871
3 5 394.934 40.6698 40.5815
3 6 416.645 46.8156 46.7304
3 7 387.935 44.7387 44.6719
3 8 322.718 38.7379 38.6946
3 9 255.376 30.4853 30.4942
3 10 203.664 25.4575 25.4682
3 11 154.938 20.0924 20.1163
3 12 104.34 12.223 12.2423
3 13 70.3798 7.00676 6.97966
3 14 47.3388 5.84407 5.84494
3 15 37.3644 4.90543 4.88055
3 16 23.186 2.96908 2.9867
3 17 15.694 2.01006 2.02302
3 18 10.0209 1.02367 0.988101
3 19 9.01235 1.89488 1.97672
3 20 4.42442 0.359553 0.283839
3 21 2.98827 0.266355 0.181348
3 22 2.22401 0.200989 0.159522
3 23 1.6662 0.178736 0.142915
3 24 1.09928 0.113791 0.0613753
3 25 6.84326 0.51597 0.430474
4 0 1.80229 0.188209 0.189635
4 1 17.2855 1.98859 1.99388
4 2 221.183 25.9556 25.9597
4 3 549.119 66.3165 66.0323
4 4 830.448 100.312 99.5142
4 5 928.643 111.866 110.885
4 6 914.482 115.065 114.062
4 7 815.849 99.363 98.471
4 8 691.618 83.1348 82.7705
4 9 556.249 72.6581 72.4095
4 10 415.481 48.4512 48.3275
4 11 309.436 37.9355 37.9026
4 12 211.069 21.7939 21.7931
4 13 155.84 19.4772 19.4978
4 14 102.001 9.40079 9.38439
4 15 81.9121 9.20317 9.21521
4 16 56.0186 5.66455 5.65159
4 17 38.5859 3.38855 3.30979
4 18 31.5288 3.23471 3.21919
4 19 22.7606 2.34221 2.32062
4 20 17.509 1.94948 1.93851
4 21 15.4888 1.93923 1.89179
4 22 13.0755 1.43565 1.42604
4 23 8.74974 0.644888 0.554067
4 24 7.54448 0.928656 0.942457
4 25 42.7207 3.82441 3.75084
5 0 87.3647 5.71178 5.65283
5 1 66.1341 4.06613 3.98713
5 2 43.5476 2.99206 2.91766
5 3 25.7156 1.65612 1.56083
5 4 14.5291 1.18401 1.12324
5 5 8.28428 0.597908 0.505375
5 6 4.44731 0.354554 0.273158
5 7 2.92002 0.247808 0.171099
5 8 2.63951 0.241771 0.167631
5 9 1.0926 0.112923 0.0634176
5 10 6.02068 0.456185 0.368737
6 0 161.152 11.192 11.1303
6 1 119.285 8.21496 8.17505
6 2 77.5643 5.16482 5.10913
6 3 45.0977 3.74172 3.6968
6 4 24.0633 1.58937 1.49901
6 5 13.4312 0.919868 0.82645
6 6 10.9347 0.807907 0.730662
6 7 6.06487 0.455032 0.365143
6 8 4.49025 0.353295 0.26783
6 9 3.48609 0.290513 0.215318
6 10 13.7408 1.00361 0.926764
7 0 206.72 17.7112 17.7184
7 1 120.063 9.02129 9.00398
7 2 75.4417 5.71195 5.67929
7 3 49.3386 3.78651 3.75336
7 4 31.261 2.47868 2.4425
7 5 19.2433 1.8045 1.79456
7 6 11.9902 1.01991 0.995549
7 7 6.87381 0.615936 0.601568
7 8 4.57797 0.41402 0.403887
7 9 4.16821 0.373115 0.355947
7 10 18.4487 1.6162 1.60416
