2.94 0
1 0 0.00507173 2.37295e-05 2.57225e-05
1 1 0.691166 0.0672983 0.0229016
1 2 2.64838 0.189649 0.0753519
1 3 2.79636 0.203414 0.034213
1 4 2.53147 0.200525 0.0141869
1 5 2.84877 0.206835 0.0189665
1 6 2.86859 0.259139 0.0350057
1 7 2.27973 0.185224 0.0155177
1 8 2.45607 0.185965 0.0251844
1 9 2.00173 0.172661 0.0145126
1 10 2.15099 0.167695 0.0294732
1 11 1.76486 0.165978 0.00924797
1 12 1.83935 0.164197 0.0142732
1 13 1.67736 0.150627 0.0174525
1 14 1.49907 0.144801 0.0126669
1 15 1.29123 0.131014 0.011803
1 16 1.33056 0.120052 0.0218719
1 17 1.10884 0.124958 0.00694562
1 18 0.908832 0.108224 0.00649002
1 19 0.825792 0.0993864 0.00686799
1 20 0.790607 0.0878211 0.0107213
1 21 0.612667 0.0895446 0.00146108
1 22 0.716648 0.0699886 0.0155799
1 23 0.451719 0.0721142 0.000867649
1 24 0.397261 0.0650663 0.000805929
1 25 2.56744 0.18982 0.0250619
2 0 0.000217533 3.86799e-10 4.73205e-08
2 1 0.074763 0.0122577 0.000363302
2 2 0.876611 0.0743722 0.234743
2 3 0.733655 0.0817254 0.0124409
2 4 0.833002 0.10823 0.00335901
2 5 1.16782 0.113694 0.016774
2 6 0.932475 0.118763 0.00237445
2 7 1.27887 0.121891 0.0171725
2 8 1.12697 0.126522 0.00685449
2 9 1.2722 0.129229 0.0121784
2 10 1.05695 0.120856 0.00682333
2 11 1.36065 0.121558 0.0247781
2 12 0.94422 0.120067 0.0023491
2 13 1.03234 0.110525 0.0113621
2 14 0.767059 0.10617 0.00121443
2 15 0.901543 0.0971225 0.0116636
2 16 0.839416 0.0915879 0.0113385
2 17 0.963952 0.0879275 0.020865
2 18 0.725622 0.088115 0.00696819
2 19 0.556635 0.0727179 0.00547066
2 20 0.684025 0.0463428 0.0412318
2 21 0.560468 0.0692337 0.00673112
2 22 0.402223 0.0527442 0.00521804
2 23 0.401244 0.0509111 0.00571596
2 24 0.42628 0.0430381 0.0101377
2 25 2.60211 0.176881 0.0488673
3 0 0.572834 0.0616873 0.0963836
3 1 1.32705 0.14573 0.157204
3 2 75.7619 7.83126 7.8023
3 3 221.255 24.6074 24.6064
3 4 338.886 37.7023 37.6871
3 5 394.934 40.6698 40.5815
3 6 416.645 46.8156 46.7304
3 7 387.935 44.7387 44.6719
3 8 322.718 38.7379 38.6946
3 9 255.376 30.4853 30.4942
3 10 203.664 25.4575 25.4682
3 11 154.938 20.0924 20.1163
3 12 104.34 12.223 12.2423
3 13 70.3798 7.00676 6.97966
3 14 47.3388 5.84407 5.84494
3 15 37.3644 4.90543 4.88055
3 16 23.186 2.96908 2.9867
3 17 15.694 2.01006 2.02302
3 18 10.0209 1.02367 0.988101
3 19 9.01235 1.89488 1.97672
3 20 4.42442 0.359553 0.283839
3 21 2.98827 0.266355 0.181348
3 22 2.22401 0.200989 0.159522
3 23 1.6662 0.178736 0.142915
3 24 1.09928 0.113791 0.0613753
3 25 6.84326 0.51597 0.430474
4 0 1.80229 0.188209 0.189635
4 1 17.2855 1.98859 1.99388
4 2 221.183 25.9556 25.9597
4 3 549.119 66.3165 66.0323
4 4 830.448 100.312 99.5142
4 5 928.643 111.866 110.885
4 6 914.482 115.065 114.062
4 7 815.849 99.363 98.471
4 8 691.618 83.1348 82.7705
4 9 556.249 72.6581 72.4095
4 10 415.481 48.4512 48.3275
4 11 309.436 37.9355 37.9026
4 12 211.069 21.7939 21.7931
4 13 155.84 19.4772 19.4978
4 14 102.001 9.40079 9.38439
4 15 81.9121 9.20317 9.21521
4 16 56.0186 5.66455 5.65159
4 17 38.5859 3.38855 3.30979
4 18 31.5288 3.23471 3.21919
4 19 22.7606 2.34221 2.32062
4 20 17.509 1.94948 1.93851
4 21 15.4888 1.93923 1.89179
4 22 13.0755 1.43565 1.42604
4 23 8.74974 0.644888 0.554067
4 24 7.54448 0.928656 0.942457
4 25 42.7207 3.82441 3.75084
5 0 87.3647 5.71178 5.65283
5 1 66.1341 4.06613 3.98713
5 2 43.5476 2.99206 2.91766
5 3 25.7156 1.65612 1.56083
5 4 14.5291 1.18401 1.12324
5 5 8.28428 0.597908 0.505375
5 6 4.44731 0.354554 0.273158
5 7 2.92002 0.247808 0.171099
5 8 2.63951 0.241771 0.167631
5 9 1.0926 0.112923 0.0634176
5 10 6.02068 0.456185 0.368737
6 0 161.152 11.192 11.1303
6 1 119.285 8.21496 8.17505
6 2 77.5643 5.16482 5.10913
6 3 45.0977 3.74172 3.6968
6 4 24.0633 1.58937 1.49901
6 5 13.4312 0.919868 0.82645
6 6 10.9347 0.807907 0.730662
6 7 6.06487 0.455032 0.365143
6 8 4.49025 0.353295 0.26783
6 9 3.48609 0.290513 0.215318
6 10 13.7408 1.00361 0.926764
7 0 206.72 17.7112 17.7184
7 1 120.063 9.02129 9.00398
7 2 75.4417 5.71195 5.67929
7 3 49.3386 3.78651 3.75336
7 4 31.261 2.47868 2.4425
7 5 19.2433 1.8045 1.79456
7 6 11.9902 1.01991 0.995549
7 7 6.87381 0.615936 0.601568
7 8 4.57797 0.41402 0.403887
7 9 4.16821 0.373115 0.355947
7 10 18.4487 1.6162 1.60416
