0.75 0
1 0 0.0829769 0.656003 0.00688517
1 1 2.70452 2.27651 0.514226
1 2 14.4365 5.98339 4.25458
1 3 16.6661 4.43152 2.42209
1 4 19.1907 3.27102 0.973281
1 5 28.0225 5.56511 3.56378
1 6 31.0017 6.84965 4.95565
1 7 27.2188 5.46651 3.47811
1 8 32.6288 8.12515 6.34169
1 9 27.1704 5.69823 3.70625
1 10 29.6349 9.43948 7.77935
1 11 23.7775 4.4932 2.37035
1 12 25.1893 5.61867 3.65778
1 13 23.0893 6.36186 4.62831
1 14 20.4859 5.09673 3.23877
1 15 17.2774 4.76727 3.00554
1 16 18.2437 7.07499 5.70011
1 17 14.9086 3.71285 1.76814
1 18 12.3291 3.51531 1.65835
1 19 10.9155 3.50018 1.6984
1 20 11.1202 4.33755 2.85874
1 21 8.1765 2.39582 0.316187
1 22 10.4242 5.29173 4.16351
1 23 6.04154 2.20213 0.22385
1 24 5.37105 2.14504 0.208162
1 25 33.8374 7.96205 6.16252
2 0 0 0.294916 0
2 1 0.596444 1.0633 0.0149658
2 2 11.4313 71.4497 62.449
2 3 5.91451 2.49907 0.506027
2 4 8.59472 2.49085 0.393038
2 5 14.4499 5.6206 4.22006
2 6 11.1476 2.54008 0.372249
2 7 16.4392 5.7238 4.22701
2 8 14.8997 3.67794 1.73478
2 9 17.5469 4.9478 3.17092
2 10 14.1698 3.66005 1.73777
2 11 19.2843 8.14368 6.55007
2 12 12.6556 2.75523 0.551058
2 13 14.5004 4.68812 3.02597
2 14 10.1289 2.38744 0.249449
2 15 11.7023 4.36544 2.85212
2 16 11.3173 4.39166 2.89737
2 17 13.35 6.53061 5.44411
2 18 9.25855 3.21887 1.5146
2 19 7.60857 3.04151 1.45397
2 20 6.61006 2.21264 0.205859
2 21 7.14559 3.10488 1.54356
2 22 5.50615 2.76454 1.38968
2 23 5.40277 2.83516 1.45926
2 24 5.97595 3.59763 2.64656
2 25 34.8161 13.6276 12.4051
3 0 1.98347 11.7984 3.93416
3 1 11.5036 22.6589 17.8458
3 2 991.861 1890.95 1883.57
3 3 2942.01 6006.41 5996.64
3 4 4481.44 9155.45 9143.75
3 5 5243.75 9888.95 9877.24
3 6 5517.72 11399.6 11386
3 7 5194.88 11149.7 11135.9
3 8 4344.71 9785.43 9772.14
3 9 3426.2 7673.1 7661.13
3 10 2728.32 6471.87 6459.41
3 11 2056.56 5092.26 5079.35
3 12 1386.74 3104.21 3093.93
3 13 923.104 1713.48 1706.5
3 14 596.849 1464.61 1452.7
3 15 486.308 1222.85 1210.42
3 16 307.77 776.33 763.99
3 17 204.217 507.37 495.584
3 18 126.314 246.491 239.309
3 19 118.92 554.242 516.51
3 20 60.5318 75.2827 72.4193
3 21 35.1458 42.4381 39.8648
3 22 25.6222 32.662 29.9324
3 23 16.9889 21.7179 19.1711
3 24 13.5659 17.8921 15.3361
3 25 84.0032 97.2354 94.6927
4 0 18.9416 27.5192 24.243
4 1 194.097 383.923 376.395
4 2 2895.11 6214.23 6203.64
4 3 7302.11 16300.2 16281.3
4 4 11022.9 24426.4 24396.2
4 5 12291.2 27209.6 27174.5
4 6 11999.4 27826.9 27792.1
4 7 10687 23975.8 23946.6
4 8 9124.62 20232.6 20208.8
4 9 7320.17 17812 17791.2
4 10 5393.73 11668.2 11654
4 11 4103.96 9413.87 9400.55
4 12 2694.07 5179.26 5170.67
4 13 2014.83 4780.2 4768.32
4 14 1326.83 2259.95 2253.88
4 15 1053.23 2216.2 2207.23
4 16 709.316 1335.41 1328.31
4 17 482.811 761.738 756.785
4 18 402.493 775.431 768.119
4 19 300.522 583.807 576.434
4 20 224.118 491.834 482.554
4 21 204.256 487.604 476.703
4 22 174.673 368.582 360.077
4 23 109.236 128.597 125.936
4 24 91.7921 226.186 215.193
4 25 527.144 798.028 793.449
5 0 1164.89 1392.9 1389.82
5 1 896.758 1022.76 1020.03
5 2 596.187 754.682 751.445
5 3 351.369 402.715 400.101
5 4 196.541 284.228 280.158
5 5 112.552 131.769 129.134
5 6 60.8593 72.7527 70.0986
5 7 38.4569 46.0062 43.4525
5 8 35.3247 42.9354 40.3285
5 9 13.8048 18.5979 15.9335
5 10 83.0999 97.3329 94.7325
6 0 2142.48 2661.36 2657.51
6 1 1600.37 2011.39 2007.81
6 2 997.787 1180.61 1177.66
6 3 569.824 830.889 826.625
6 4 328.751 377.113 374.499
6 5 174.479 203.096 200.451
6 6 144.007 167.772 165.138
6 7 81.0629 95.3306 92.7132
6 8 59.5585 70.4618 67.8644
6 9 48.143 58.0474 55.3987
6 10 182.091 219.688 216.845
7 0 2314.5 2883.64 2879.64
7 1 1523.44 1894.62 1891.14
7 2 878.096 1011.62 1008.85
7 3 606.565 693.858 691.199
7 4 359.584 424.469 421.696
7 5 214.453 295.905 292.184
7 6 127.53 150.14 147.463
7 7 70.7278 83.5113 80.8941
7 8 43.1502 51.6172 49.0342
7 9 40.761 50.3634 47.632
7 10 189.244 220.407 217.752
