1.32 0
1 0 0.0208726 0.00156595 0.000435667
1 1 3.08593 0.617467 0.367728
1 2 9.79938 1.22345 0.917747
1 3 14.0483 1.40483 1.14233
1 4 13.3592 0.956244 0.574928
1 5 15.5114 0.959237 0.568408
1 6 18.7138 8.93716 6.71831
1 7 16.2826 1.21442 0.907521
1 8 16.7345 1.22654 0.876671
1 9 14.1853 0.916348 0.536747
1 10 14.9296 1.04746 0.686083
1 11 12.8686 0.767629 0.339121
1 12 13.0369 0.903173 0.536145
1 13 11.7277 0.775112 0.36849
1 14 10.6924 0.826755 0.490479
1 15 9.61823 0.796726 0.479391
1 16 9.3903 0.902291 0.64659
1 17 8.18418 0.656605 0.283077
1 18 6.58354 0.595103 0.253232
1 19 6.305 0.641456 0.370771
1 20 5.2861 0.53297 0.201684
1 21 4.59024 0.495175 0.160909
1 22 4.40605 0.52395 0.276223
1 23 3.3698 0.418386 0.0299573
1 24 2.89875 0.397735 0.0273971
1 25 19.7141 1.65671 1.41673
2 0 0.00488133 0.000127069 2.38274e-05
2 1 0.731374 0.138594 0.123783
2 2 4.5991 2.71656 4.23298
2 3 3.64813 0.4971 0.20537
2 4 4.97735 0.5222 0.176427
2 5 7.00139 0.692647 0.41754
2 6 7.11938 0.684 0.407527
2 7 9.55992 1.06299 0.899803
2 8 8.3328 0.653677 0.277143
2 9 8.82472 0.714703 0.363465
2 10 7.84089 0.644185 0.276577
2 11 8.93086 0.865411 0.569258
2 12 7.00981 0.576395 0.181036
2 13 6.91643 0.591867 0.219756
2 14 5.86795 0.530095 0.158036
2 15 7.12354 0.842927 0.688174
2 16 6.16064 0.668875 0.442223
2 17 6.67016 0.784086 0.609123
2 18 5.27992 0.587939 0.354565
2 19 3.96897 0.452763 0.111509
2 20 3.43382 0.419347 0.0285499
2 21 4.57354 0.652817 0.583323
2 22 2.85877 0.391527 0.101177
2 23 2.95258 0.416925 0.225401
2 24 2.87243 0.416306 0.293514
2 25 19.3866 2.18501 2.05459
3 0 1.60848 1.06648 0.662901
3 1 7.87011 6.74202 5.99816
3 2 532.058 298.75 299.099
3 3 1502.31 853.781 855.5
3 4 2327.3 1354.61 1357.2
3 5 2725.66 1490.63 1493.21
3 6 2965.91 1821.25 1824.44
3 7 2752.09 1718.62 1721.77
3 8 2293.23 1407.91 1410.64
3 9 1817.4 1076.29 1078.44
3 10 1490.11 996.601 998.569
3 11 1143.85 789.867 791.33
3 12 776.141 496.044 496.814
3 13 520.924 302.225 302.575
3 14 377.248 242.256 242.257
3 15 285.468 215.215 214.897
3 16 171.426 98.1485 97.8098
3 17 113.783 77.2387 76.6253
3 18 83.3907 63.1234 62.5045
3 19 67.7761 56.926 55.5878
3 20 30.3593 10.1851 10.0031
3 21 27.6919 19.231 18.8452
3 22 16.6966 5.73484 5.55204
3 23 13.216 17.4925 16.3522
3 24 9.47357 3.19951 3.02532
3 25 53.6973 23.6703 23.457
4 0 8.29302 3.20344 2.94619
4 1 106.137 56.6315 56.2757
4 2 1489.57 879.518 881.29
4 3 3781.49 2273.59 2276.88
4 4 5712.26 3528.54 3531.32
4 5 6480.44 4098.83 4100.91
4 6 6353 4087.11 4089.71
4 7 5755.8 3764.16 3767.41
4 8 4791.35 2981.58 2985.06
4 9 3859.07 2434.46 2438.09
4 10 2926.02 1747.65 1750.72
4 11 2145.35 1257.17 1259.62
4 12 1564.92 963.846 965.835
4 13 1129.55 740.763 742.15
4 14 743.002 394.499 395.195
4 15 595.161 380.008 380.47
4 16 414.452 244.323 244.489
4 17 290.219 147.538 147.568
4 18 230.698 123.665 123.531
4 19 166.631 98.1464 97.83
4 20 128.872 72.1261 71.7594
4 21 114.36 66.7744 66.3271
4 22 91.3624 42.2018 41.9174
4 23 69.8417 33.0257 32.8066
4 24 53.31 25.8139 25.3982
4 25 300.865 156.895 156.929
5 0 628.752 214.84 215.25
5 1 478.377 152.275 152.542
5 2 308.822 102.586 102.696
5 3 182.877 58.1965 58.1902
5 4 100.754 35.6619 35.5342
5 5 57.9376 18.6593 18.5208
5 6 31.6327 10.2794 10.113
5 7 22.4518 7.32997 7.16245
5 8 19.6654 11.5901 11.0954
5 9 9.05592 3.15371 2.96761
5 10 42.0288 13.6162 13.4586
6 0 1124.2 387.965 388.733
6 1 836.783 295.761 296.351
6 2 563.77 183.91 184.253
6 3 317.161 113.189 113.298
6 4 166.621 53.272 53.2462
6 5 101.187 34.1977 34.1013
6 6 73.7905 26.3487 26.1905
6 7 42.7696 13.8705 13.7164
6 8 32.7872 10.8569 10.6899
6 9 24.3057 7.88518 7.71158
6 10 92.8381 30.2426 30.1356
7 0 1218.81 417.301 418.113
7 1 756.451 252.961 253.462
7 2 494.563 178.976 179.283
7 3 287.32 90.4098 90.4994
7 4 191.985 62.0631 62.0636
7 5 103.109 35.9543 35.8342
7 6 70.3368 22.9443 22.8192
7 7 35.5743 11.4043 11.244
7 8 24.8748 8.1986 8.02918
7 9 25.4003 8.57476 8.40098
7 10 99.9181 32.3112 32.2166
