1.95 0
1 0 0.0170256 0.000830141 0.00028987
1 1 3.3909 0.585412 0.405734
1 2 10.5068 1.15782 0.939767
1 3 14.113 1.13358 0.935857
1 4 12.7388 0.718443 0.453534
1 5 13.9735 0.676816 0.409813
1 6 16.0947 6.13343 4.49389
1 7 13.6716 0.819818 0.612524
1 8 13.8112 0.821031 0.587263
1 9 11.6097 0.610571 0.358145
1 10 12.1927 0.696867 0.456699
1 11 10.5049 0.510476 0.225762
1 12 10.6393 0.600665 0.356834
1 13 9.56982 0.51538 0.245231
1 14 8.72263 0.549734 0.326388
1 15 7.84774 0.529797 0.319026
1 16 7.66153 0.600085 0.430278
1 17 6.67616 0.436475 0.188371
1 18 5.37092 0.395579 0.168516
1 19 5.14325 0.426455 0.246732
1 20 4.31204 0.35422 0.134193
1 21 3.74444 0.329214 0.107082
1 22 3.59413 0.348265 0.183786
1 23 2.74888 0.278094 0.0199344
1 24 2.36462 0.264356 0.0182308
1 25 16.0816 1.10209 0.942775
2 0 0.0039821 6.58952e-05 1.58571e-05
2 1 0.632092 0.100376 0.0839952
2 2 4.00339 1.9073 2.83507
2 3 3.41613 0.381445 0.176629
2 4 4.37235 0.362798 0.126193
2 5 5.95348 0.471072 0.282912
2 6 5.93701 0.459929 0.273266
2 7 7.8655 0.709655 0.599859
2 8 6.82086 0.435395 0.185003
2 9 7.20795 0.475426 0.242003
2 10 6.39816 0.428273 0.184075
2 11 7.28611 0.575476 0.378789
2 12 5.71913 0.383268 0.120485
2 13 5.64233 0.393399 0.146222
2 14 4.78673 0.352439 0.10517
2 15 5.81098 0.560608 0.457952
2 16 5.02547 0.444724 0.294271
2 17 5.44374 0.521576 0.405386
2 18 4.30705 0.390864 0.235948
2 19 3.23764 0.300842 0.0741949
2 20 2.80109 0.278733 0.018998
2 21 3.73085 0.434172 0.388187
2 22 2.332 0.260119 0.0673199
2 23 2.40854 0.277083 0.14999
2 24 2.34314 0.276725 0.195308
2 25 15.8148 1.45372 1.36721
3 0 1.31212 0.709499 0.441123
3 1 6.42002 4.48637 3.9916
3 2 434.019 198.8 199.032
3 3 1225.49 568.131 569.277
3 4 1898.47 901.416 903.125
3 5 2223.42 991.898 993.639
3 6 2419.41 1211.94 1214.06
3 7 2244.98 1143.61 1145.73
3 8 1870.67 936.884 938.684
3 9 1482.52 716.189 717.627
3 10 1215.54 663.159 664.485
3 11 933.083 525.612 526.581
3 12 633.129 330.09 330.6
3 13 424.939 201.115 201.347
3 14 307.738 161.205 161.208
3 15 232.868 143.213 143.002
3 16 139.839 65.3106 65.085
3 17 92.8176 51.3974 50.9893
3 18 68.0257 42.0061 41.5944
3 19 55.2877 37.879 36.9887
3 20 24.7652 6.77741 6.65638
3 21 22.5897 12.7977 12.5411
3 22 13.6202 3.81614 3.69459
3 23 10.781 11.6407 10.8822
3 24 7.72805 2.12902 2.0132
3 25 43.8033 15.7516 15.6097
4 0 6.76485 2.13153 1.96046
4 1 86.5801 37.6843 37.4478
4 2 1215.09 585.273 586.438
4 3 3084.7 1512.87 1515.11
4 4 4659.7 2348.14 2349.85
4 5 5286.33 2727.52 2728.89
4 6 5182.38 2719.86 2721.44
4 7 4695.22 2504.83 2506.98
4 8 3908.48 1984.06 1986.36
4 9 3147.99 1619.91 1622.38
4 10 2386.87 1162.96 1164.99
4 11 1750.04 836.573 838.187
4 12 1276.57 641.403 642.713
4 13 921.42 492.926 493.854
4 14 606.096 262.519 262.981
4 15 485.497 252.877 253.181
4 16 338.085 162.584 162.695
4 17 236.744 98.1781 98.1994
4 18 188.19 82.2908 82.2022
4 19 135.928 65.3105 65.1003
4 20 105.127 47.9951 47.7512
4 21 93.2883 44.4336 44.1361
4 22 74.5276 28.0816 27.8925
4 23 56.973 21.9774 21.8316
4 24 43.4871 17.177 16.9004
4 25 245.427 104.406 104.429
5 0 512.897 142.964 143.235
5 1 390.23 101.328 101.507
5 2 251.917 68.2638 68.3372
5 3 149.18 38.7262 38.7217
5 4 82.1889 23.7301 23.6453
5 5 47.2618 12.4164 12.3243
5 6 25.804 6.84014 6.72951
5 7 18.3149 4.87759 4.76619
5 8 16.0419 7.71263 7.38357
5 9 7.38733 2.09853 1.97479
5 10 34.2844 9.06055 8.95577
6 0 917.054 258.165 258.676
6 1 682.594 196.812 197.202
6 2 459.889 122.377 122.609
6 3 258.721 75.3183 75.3917
6 4 135.919 35.4487 35.4317
6 5 82.5421 22.7566 22.6925
6 6 60.1935 17.5334 17.4282
6 7 34.8888 9.22981 9.12738
6 8 26.7458 7.2245 7.11346
6 9 19.827 5.24696 5.13152
6 10 75.7313 20.1243 20.0532
7 0 994.229 277.685 278.226
7 1 617.063 168.327 168.66
7 2 403.435 119.098 119.303
7 3 234.376 60.1615 60.2207
7 4 156.61 41.2987 41.2992
7 5 84.1097 23.9244 23.8448
7 6 57.3765 15.268 15.1848
7 7 29.0192 7.58873 7.48213
7 8 20.2914 5.45559 5.34294
7 9 20.7202 5.70596 5.59039
7 10 81.5069 21.501 21.4381
